This is pdfTeX, Version 3.141592653-2.6-1.40.24 (TeX Live 2022) (preloaded format=pdflatex 2022.8.23)  28 DEC 2022 17:03
entering extended mode
 restricted \write18 enabled.
 file:line:error style messages enabled.
 %&-line parsing enabled.
**c:/Users/11588/PycharmProjects/pythonProject/pinn/PINN_from_beginning/Report.tex
(c:/Users/11588/PycharmProjects/pythonProject/pinn/PINN_from_beginning/Report.tex
LaTeX2e <2021-11-15> patch level 1
L3 programming layer <2022-02-24> (d:/texlive/2022/texmf-dist/tex/latex/base/article.cls
Document Class: article 2021/10/04 v1.4n Standard LaTeX document class
(d:/texlive/2022/texmf-dist/tex/latex/base/size10.clo
File: size10.clo 2021/10/04 v1.4n Standard LaTeX file (size option)
)
\c@part=\count185
\c@section=\count186
\c@subsection=\count187
\c@subsubsection=\count188
\c@paragraph=\count189
\c@subparagraph=\count190
\c@figure=\count191
\c@table=\count192
\abovecaptionskip=\skip47
\belowcaptionskip=\skip48
\bibindent=\dimen138
) (d:/texlive/2022/texmf-dist/tex/latex/base/inputenc.sty
Package: inputenc 2021/02/14 v1.3d Input encoding file
\inpenc@prehook=\toks16
\inpenc@posthook=\toks17
) (d:/texlive/2022/texmf-dist/tex/latex/preprint/fullpage.sty
Package: fullpage 1999/02/23 1.1 (PWD)
\FP@margin=\skip49
) (d:/texlive/2022/texmf-dist/tex/latex/amsmath/amsmath.sty
Package: amsmath 2021/10/15 v2.17l AMS math features
\@mathmargin=\skip50

For additional information on amsmath, use the `?' option.
(d:/texlive/2022/texmf-dist/tex/latex/amsmath/amstext.sty
Package: amstext 2021/08/26 v2.01 AMS text
 (d:/texlive/2022/texmf-dist/tex/latex/amsmath/amsgen.sty
File: amsgen.sty 1999/11/30 v2.0 generic functions
\@emptytoks=\toks18
\ex@=\dimen139
)) (d:/texlive/2022/texmf-dist/tex/latex/amsmath/amsbsy.sty
Package: amsbsy 1999/11/29 v1.2d Bold Symbols
\pmbraise@=\dimen140
) (d:/texlive/2022/texmf-dist/tex/latex/amsmath/amsopn.sty
Package: amsopn 2021/08/26 v2.02 operator names
)
\inf@bad=\count193
LaTeX Info: Redefining \frac on input line 234.
\uproot@=\count194
\leftroot@=\count195
LaTeX Info: Redefining \overline on input line 399.
\classnum@=\count196
\DOTSCASE@=\count197
LaTeX Info: Redefining \ldots on input line 496.
LaTeX Info: Redefining \dots on input line 499.
LaTeX Info: Redefining \cdots on input line 620.
\Mathstrutbox@=\box50
\strutbox@=\box51
\big@size=\dimen141
LaTeX Font Info:    Redeclaring font encoding OML on input line 743.
LaTeX Font Info:    Redeclaring font encoding OMS on input line 744.
\macc@depth=\count198
\c@MaxMatrixCols=\count199
\dotsspace@=\muskip16
\c@parentequation=\count266
\dspbrk@lvl=\count267
\tag@help=\toks19
\row@=\count268
\column@=\count269
\maxfields@=\count270
\andhelp@=\toks20
\eqnshift@=\dimen142
\alignsep@=\dimen143
\tagshift@=\dimen144
\tagwidth@=\dimen145
\totwidth@=\dimen146
\lineht@=\dimen147
\@envbody=\toks21
\multlinegap=\skip51
\multlinetaggap=\skip52
\mathdisplay@stack=\toks22
LaTeX Info: Redefining \[ on input line 2938.
LaTeX Info: Redefining \] on input line 2939.
) (d:/texlive/2022/texmf-dist/tex/latex/amscls/amsthm.sty
Package: amsthm 2020/05/29 v2.20.6
\thm@style=\toks23
\thm@bodyfont=\toks24
\thm@headfont=\toks25
\thm@notefont=\toks26
\thm@headpunct=\toks27
\thm@preskip=\skip53
\thm@postskip=\skip54
\thm@headsep=\skip55
\dth@everypar=\toks28
) (d:/texlive/2022/texmf-dist/tex/latex/amsfonts/amsfonts.sty
Package: amsfonts 2013/01/14 v3.01 Basic AMSFonts support
\symAMSa=\mathgroup4
\symAMSb=\mathgroup5
LaTeX Font Info:    Redeclaring math symbol \hbar on input line 98.
LaTeX Font Info:    Overwriting math alphabet `\mathfrak' in version `bold'
(Font)                  U/euf/m/n --> U/euf/b/n on input line 106.
) (d:/texlive/2022/texmf-dist/tex/latex/amsfonts/amssymb.sty
Package: amssymb 2013/01/14 v3.01 AMS font symbols
) (d:/texlive/2022/texmf-dist/tex/latex/amsmath/amscd.sty
Package: amscd 2017/04/14 v2.1 AMS Commutative Diagrams
\athelp@=\toks29
\minaw@=\dimen148
\bigaw@=\dimen149
\minCDarrowwidth=\dimen150
) (d:/texlive/2022/texmf-dist/tex/latex/lastpage/lastpage.sty
Package: lastpage 2021/09/03 v1.2n Refers to last page's name (HMM; JPG)
) (d:/texlive/2022/texmf-dist/tex/latex/tools/enumerate.sty
Package: enumerate 2015/07/23 v3.00 enumerate extensions (DPC)
\@enLab=\toks30
) (d:/texlive/2022/texmf-dist/tex/latex/fancyhdr/fancyhdr.sty
Package: fancyhdr 2021/01/28 v4.0.1 Extensive control of page headers and footers
\f@nch@headwidth=\skip56
\f@nch@O@elh=\skip57
\f@nch@O@erh=\skip58
\f@nch@O@olh=\skip59
\f@nch@O@orh=\skip60
\f@nch@O@elf=\skip61
\f@nch@O@erf=\skip62
\f@nch@O@olf=\skip63
\f@nch@O@orf=\skip64
) (d:/texlive/2022/texmf-dist/tex/latex/jknapltx/mathrsfs.sty
Package: mathrsfs 1996/01/01 Math RSFS package v1.0 (jk)
\symrsfs=\mathgroup6
) (d:/texlive/2022/texmf-dist/tex/latex/xcolor/xcolor.sty
Package: xcolor 2021/10/31 v2.13 LaTeX color extensions (UK)
 (d:/texlive/2022/texmf-dist/tex/latex/graphics-cfg/color.cfg
File: color.cfg 2016/01/02 v1.6 sample color configuration
)
Package xcolor Info: Driver file: pdftex.def on input line 227.
 (d:/texlive/2022/texmf-dist/tex/latex/graphics-def/pdftex.def
File: pdftex.def 2020/10/05 v1.2a Graphics/color driver for pdftex
)
Package xcolor Info: Model `cmy' substituted by `cmy0' on input line 1352.
Package xcolor Info: Model `hsb' substituted by `rgb' on input line 1356.
Package xcolor Info: Model `RGB' extended on input line 1368.
Package xcolor Info: Model `HTML' substituted by `rgb' on input line 1370.
Package xcolor Info: Model `Hsb' substituted by `hsb' on input line 1371.
Package xcolor Info: Model `tHsb' substituted by `hsb' on input line 1372.
Package xcolor Info: Model `HSB' substituted by `hsb' on input line 1373.
Package xcolor Info: Model `Gray' substituted by `gray' on input line 1374.
Package xcolor Info: Model `wave' substituted by `hsb' on input line 1375.
) (d:/texlive/2022/texmf-dist/tex/latex/graphics/graphicx.sty
Package: graphicx 2021/09/16 v1.2d Enhanced LaTeX Graphics (DPC,SPQR)
 (d:/texlive/2022/texmf-dist/tex/latex/graphics/keyval.sty
Package: keyval 2014/10/28 v1.15 key=value parser (DPC)
\KV@toks@=\toks31
) (d:/texlive/2022/texmf-dist/tex/latex/graphics/graphics.sty
Package: graphics 2021/03/04 v1.4d Standard LaTeX Graphics (DPC,SPQR)
 (d:/texlive/2022/texmf-dist/tex/latex/graphics/trig.sty
Package: trig 2021/08/11 v1.11 sin cos tan (DPC)
) (d:/texlive/2022/texmf-dist/tex/latex/graphics-cfg/graphics.cfg
File: graphics.cfg 2016/06/04 v1.11 sample graphics configuration
)
Package graphics Info: Driver file: pdftex.def on input line 107.
)
\Gin@req@height=\dimen151
\Gin@req@width=\dimen152
) (d:/texlive/2022/texmf-dist/tex/latex/listings/listings.sty
\lst@mode=\count271
\lst@gtempboxa=\box52
\lst@token=\toks32
\lst@length=\count272
\lst@currlwidth=\dimen153
\lst@column=\count273
\lst@pos=\count274
\lst@lostspace=\dimen154
\lst@width=\dimen155
\lst@newlines=\count275
\lst@lineno=\count276
\lst@maxwidth=\dimen156
 (d:/texlive/2022/texmf-dist/tex/latex/listings/lstmisc.sty
File: lstmisc.sty 2020/03/24 1.8d (Carsten Heinz)
\c@lstnumber=\count277
\lst@skipnumbers=\count278
\lst@framebox=\box53
) (d:/texlive/2022/texmf-dist/tex/latex/listings/listings.cfg
File: listings.cfg 2020/03/24 1.8d listings configuration
))
Package: listings 2020/03/24 1.8d (Carsten Heinz)
 (./preamble.sty) (d:/texlive/2022/texmf-dist/tex/latex/paralist/paralist.sty
Package: paralist 2017/01/22 v2.7 Extended list environments
\pltopsep=\skip65
\plpartopsep=\skip66
\plitemsep=\skip67
\plparsep=\skip68
\pl@lab=\toks33
) (d:/texlive/2022/texmf-dist/tex/latex/ctable/ctable.sty
Package: ctable 2015/10/17 v1.31 ctable package for flexible typesetting of table and figure floats using key/value directives
 (d:/texlive/2022/texmf-dist/tex/generic/iftex/ifpdf.sty
Package: ifpdf 2019/10/25 v3.4 ifpdf legacy package. Use iftex instead.
 (d:/texlive/2022/texmf-dist/tex/generic/iftex/iftex.sty
Package: iftex 2022/02/03 v1.0f TeX engine tests
)) (d:/texlive/2022/texmf-dist/tex/latex/etoolbox/etoolbox.sty
Package: etoolbox 2020/10/05 v2.5k e-TeX tools for LaTeX (JAW)
\etb@tempcnta=\count279
) (d:/texlive/2022/texmf-dist/tex/latex/xkeyval/xkeyval.sty
Package: xkeyval 2020/11/20 v2.8 package option processing (HA)
 (d:/texlive/2022/texmf-dist/tex/generic/xkeyval/xkeyval.tex (d:/texlive/2022/texmf-dist/tex/generic/xkeyval/xkvutils.tex
\XKV@toks=\toks34
\XKV@tempa@toks=\toks35
)
\XKV@depth=\count280
File: xkeyval.tex 2014/12/03 v2.7a key=value parser (HA)
)) (d:/texlive/2022/texmf-dist/tex/latex/tools/array.sty
Package: array 2021/10/04 v2.5f Tabular extension package (FMi)
\col@sep=\dimen157
\ar@mcellbox=\box54
\extrarowheight=\dimen158
\NC@list=\toks36
\extratabsurround=\skip69
\backup@length=\skip70
\ar@cellbox=\box55
) (d:/texlive/2022/texmf-dist/tex/latex/tools/tabularx.sty
Package: tabularx 2020/01/15 v2.11c `tabularx' package (DPC)
\TX@col@width=\dimen159
\TX@old@table=\dimen160
\TX@old@col=\dimen161
\TX@target=\dimen162
\TX@delta=\dimen163
\TX@cols=\count281
\TX@ftn=\toks37
) (d:/texlive/2022/texmf-dist/tex/latex/booktabs/booktabs.sty
Package: booktabs 2020/01/12 v1.61803398 Publication quality tables
\heavyrulewidth=\dimen164
\lightrulewidth=\dimen165
\cmidrulewidth=\dimen166
\belowrulesep=\dimen167
\belowbottomsep=\dimen168
\aboverulesep=\dimen169
\abovetopsep=\dimen170
\cmidrulesep=\dimen171
\cmidrulekern=\dimen172
\defaultaddspace=\dimen173
\@cmidla=\count282
\@cmidlb=\count283
\@aboverulesep=\dimen174
\@belowrulesep=\dimen175
\@thisruleclass=\count284
\@lastruleclass=\count285
\@thisrulewidth=\dimen176
) (d:/texlive/2022/texmf-dist/tex/latex/graphics/rotating.sty
Package: rotating 2016/08/11 v2.16d rotated objects in LaTeX
 (d:/texlive/2022/texmf-dist/tex/latex/base/ifthen.sty
Package: ifthen 2020/11/24 v1.1c Standard LaTeX ifthen package (DPC)
)
\c@r@tfl@t=\count286
\rotFPtop=\skip71
\rotFPbot=\skip72
\rot@float@box=\box56
\rot@mess@toks=\toks38
) (d:/texlive/2022/texmf-dist/tex/latex/transparent/transparent.sty
Package: transparent 2019/11/29 v1.4 Transparency via pdfTeX's color stack (HO)
 (d:/texlive/2022/texmf-dist/tex/latex/auxhook/auxhook.sty
Package: auxhook 2019-12-17 v1.6 Hooks for auxiliary files (HO)
))
\@CTframesep=\dimen177
\@dfltCTframesep=\dimen178
\@CTframerule=\dimen179
\@dfltCTframerule=\dimen180
\@CTwidth=\dimen181
\@dfltCTwidth=\dimen182
\@CTcaptionskip=\dimen183
\@dfltCTcaptionskip=\dimen184
\@CTmaxwidth=\dimen185
\@dfltCTmaxwidth=\dimen186
\@CTmincapwidth=\dimen187
\@dfltCTmincapwidth=\dimen188
\@CTfooterwidth=\dimen189
\@dfltCTfooterwidth=\dimen190
\@CTw=\dimen191
\@CTfloatwidth=\dimen192
\@CToldsep=\dimen193
\@CToldrule=\dimen194
\CT@t=\box57
\@CTcurftwidth=\dimen195
) (d:/texlive/2022/texmf-dist/tex/latex/diagbox/diagbox.sty
Package: diagbox 2020/02/09 v2.3 Making table heads with diagonal lines
 (d:/texlive/2022/texmf-dist/tex/latex/pict2e/pict2e.sty
Package: pict2e 2020/09/30 v0.4b Improved picture commands (HjG,RN,JT)
 (d:/texlive/2022/texmf-dist/tex/latex/pict2e/pict2e.cfg
File: pict2e.cfg 2016/02/05 v0.1u pict2e configuration for teTeX/TeXLive
)
Package pict2e Info: Driver file: pdftex.def on input line 112.
Package pict2e Info: Driver file for pict2e: p2e-pdftex.def on input line 114.
 (d:/texlive/2022/texmf-dist/tex/latex/pict2e/p2e-pdftex.def
File: p2e-pdftex.def 2016/02/05 v0.1u Driver-dependant file (RN,HjG,JT)
)
\pIIe@GRAPH=\toks39
\@arclen=\dimen196
\@arcrad=\dimen197
\pIIe@tempdima=\dimen198
\pIIe@tempdimb=\dimen199
\pIIe@tempdimc=\dimen256
\pIIe@tempdimd=\dimen257
\pIIe@tempdime=\dimen258
\pIIe@tempdimf=\dimen259
) (d:/texlive/2022/texmf-dist/tex/latex/tools/calc.sty
Package: calc 2017/05/25 v4.3 Infix arithmetic (KKT,FJ)
\calc@Acount=\count287
\calc@Bcount=\count288
\calc@Adimen=\dimen260
\calc@Bdimen=\dimen261
\calc@Askip=\skip73
\calc@Bskip=\skip74
LaTeX Info: Redefining \setlength on input line 80.
LaTeX Info: Redefining \addtolength on input line 81.
\calc@Ccount=\count289
\calc@Cskip=\skip75
)
\diagbox@boxa=\box58
\diagbox@boxb=\box59
\diagbox@boxm=\box60
\diagbox@wd=\dimen262
\diagbox@ht=\dimen263
\diagbox@insepl=\dimen264
\diagbox@insepr=\dimen265
\diagbox@outsepl=\dimen266
\diagbox@outsepr=\dimen267
) (d:/texlive/2022/texmf-dist/tex/latex/tools/bm.sty
Package: bm 2021/04/25 v1.2e Bold Symbol Support (DPC/FMi)
\symboldoperators=\mathgroup7
\symboldletters=\mathgroup8
\symboldsymbols=\mathgroup9
Package bm Info: No bold for \OMX/cmex/m/n, using \pmb.
Package bm Info: No bold for \U/msa/m/n, using \pmb.
Package bm Info: No bold for \U/msb/m/n, using \pmb.
Package bm Info: No bold for \U/rsfs/m/n, using \pmb.
LaTeX Font Info:    Redeclaring math alphabet \mathbf on input line 149.
) (d:/texlive/2022/texmf-dist/tex/latex/geometry/geometry.sty
Package: geometry 2020/01/02 v5.9 Page Geometry
 (d:/texlive/2022/texmf-dist/tex/generic/iftex/ifvtex.sty
Package: ifvtex 2019/10/25 v1.7 ifvtex legacy package. Use iftex instead.
)
\Gm@cnth=\count290
\Gm@cntv=\count291
\c@Gm@tempcnt=\count292
\Gm@bindingoffset=\dimen268
\Gm@wd@mp=\dimen269
\Gm@odd@mp=\dimen270
\Gm@even@mp=\dimen271
\Gm@layoutwidth=\dimen272
\Gm@layoutheight=\dimen273
\Gm@layouthoffset=\dimen274
\Gm@layoutvoffset=\dimen275
\Gm@dimlist=\toks40
) (d:/texlive/2022/texmf-dist/tex/latex/float/float.sty
Package: float 2001/11/08 v1.3d Float enhancements (AL)
\c@float@type=\count293
\float@exts=\toks41
\float@box=\box61
\@float@everytoks=\toks42
\@floatcapt=\box62
) (d:/texlive/2022/texmf-dist/tex/latex/subfigure/subfigure.sty
Package: subfigure 2002/03/15 v2.1.5 subfigure package
\subfigtopskip=\skip76
\subfigcapskip=\skip77
\subfigcaptopadj=\dimen276
\subfigbottomskip=\skip78
\subfigcapmargin=\dimen277
\subfiglabelskip=\skip79
\c@subfigure=\count294
\c@lofdepth=\count295
\c@subtable=\count296
\c@lotdepth=\count297

****************************************
* Local config file subfigure.cfg used *
****************************************
(d:/texlive/2022/texmf-dist/tex/latex/subfigure/subfigure.cfg)
\subfig@top=\skip80
\subfig@bottom=\skip81
) (d:/texlive/2022/texmf-dist/tex/latex/algorithms/algorithm.sty
Package: algorithm 2009/08/24 v0.1 Document Style `algorithm' - floating environment
\@float@every@algorithm=\toks43
\c@algorithm=\count298
) (d:/texlive/2022/texmf-dist/tex/latex/algorithms/algorithmic.sty
Package: algorithmic 2009/08/24 v0.1 Document Style `algorithmic'
\c@ALC@unique=\count299
\c@ALC@line=\count300
\c@ALC@rem=\count301
\c@ALC@depth=\count302
\ALC@tlm=\skip82
\algorithmicindent=\skip83
) (d:/texlive/2022/texmf-dist/tex/latex/hyperref/hyperref.sty
Package: hyperref 2022-02-21 v7.00n Hypertext links for LaTeX
 (d:/texlive/2022/texmf-dist/tex/generic/ltxcmds/ltxcmds.sty
Package: ltxcmds 2020-05-10 v1.25 LaTeX kernel commands for general use (HO)
) (d:/texlive/2022/texmf-dist/tex/generic/pdftexcmds/pdftexcmds.sty
Package: pdftexcmds 2020-06-27 v0.33 Utility functions of pdfTeX for LuaTeX (HO)
 (d:/texlive/2022/texmf-dist/tex/generic/infwarerr/infwarerr.sty
Package: infwarerr 2019/12/03 v1.5 Providing info/warning/error messages (HO)
)
Package pdftexcmds Info: \pdf@primitive is available.
Package pdftexcmds Info: \pdf@ifprimitive is available.
Package pdftexcmds Info: \pdfdraftmode found.
) (d:/texlive/2022/texmf-dist/tex/generic/kvsetkeys/kvsetkeys.sty
Package: kvsetkeys 2019/12/15 v1.18 Key value parser (HO)
) (d:/texlive/2022/texmf-dist/tex/generic/kvdefinekeys/kvdefinekeys.sty
Package: kvdefinekeys 2019-12-19 v1.6 Define keys (HO)
) (d:/texlive/2022/texmf-dist/tex/generic/pdfescape/pdfescape.sty
Package: pdfescape 2019/12/09 v1.15 Implements pdfTeX's escape features (HO)
) (d:/texlive/2022/texmf-dist/tex/latex/hycolor/hycolor.sty
Package: hycolor 2020-01-27 v1.10 Color options for hyperref/bookmark (HO)
) (d:/texlive/2022/texmf-dist/tex/latex/letltxmacro/letltxmacro.sty
Package: letltxmacro 2019/12/03 v1.6 Let assignment for LaTeX macros (HO)
) (d:/texlive/2022/texmf-dist/tex/latex/kvoptions/kvoptions.sty
Package: kvoptions 2020-10-07 v3.14 Key value format for package options (HO)
)
\@linkdim=\dimen278
\Hy@linkcounter=\count303
\Hy@pagecounter=\count304
 (d:/texlive/2022/texmf-dist/tex/latex/hyperref/pd1enc.def
File: pd1enc.def 2022-02-21 v7.00n Hyperref: PDFDocEncoding definition (HO)
Now handling font encoding PD1 ...
... no UTF-8 mapping file for font encoding PD1
) (d:/texlive/2022/texmf-dist/tex/generic/intcalc/intcalc.sty
Package: intcalc 2019/12/15 v1.3 Expandable calculations with integers (HO)
) (d:/texlive/2022/texmf-dist/tex/generic/etexcmds/etexcmds.sty
Package: etexcmds 2019/12/15 v1.7 Avoid name clashes with e-TeX commands (HO)
)
\Hy@SavedSpaceFactor=\count305
 (d:/texlive/2022/texmf-dist/tex/latex/hyperref/puenc.def
File: puenc.def 2022-02-21 v7.00n Hyperref: PDF Unicode definition (HO)
Now handling font encoding PU ...
... no UTF-8 mapping file for font encoding PU
)
Package hyperref Info: Option `colorlinks' set `true' on input line 4018.
Package hyperref Info: Hyper figures OFF on input line 4137.
Package hyperref Info: Link nesting OFF on input line 4142.
Package hyperref Info: Hyper index ON on input line 4145.
Package hyperref Info: Plain pages OFF on input line 4152.
Package hyperref Info: Backreferencing OFF on input line 4157.
Package hyperref Info: Implicit mode ON; LaTeX internals redefined.
Package hyperref Info: Bookmarks ON on input line 4390.
\c@Hy@tempcnt=\count306
 (d:/texlive/2022/texmf-dist/tex/latex/url/url.sty
\Urlmuskip=\muskip17
Package: url 2013/09/16  ver 3.4  Verb mode for urls, etc.
)
LaTeX Info: Redefining \url on input line 4749.
\XeTeXLinkMargin=\dimen279
 (d:/texlive/2022/texmf-dist/tex/generic/bitset/bitset.sty
Package: bitset 2019/12/09 v1.3 Handle bit-vector datatype (HO)
 (d:/texlive/2022/texmf-dist/tex/generic/bigintcalc/bigintcalc.sty
Package: bigintcalc 2019/12/15 v1.5 Expandable calculations on big integers (HO)
))
\Fld@menulength=\count307
\Field@Width=\dimen280
\Fld@charsize=\dimen281
Package hyperref Info: Hyper figures OFF on input line 6027.
Package hyperref Info: Link nesting OFF on input line 6032.
Package hyperref Info: Hyper index ON on input line 6035.
Package hyperref Info: backreferencing OFF on input line 6042.
Package hyperref Info: Link coloring ON on input line 6045.
Package hyperref Info: Link coloring with OCG OFF on input line 6052.
Package hyperref Info: PDF/A mode OFF on input line 6057.
LaTeX Info: Redefining \ref on input line 6097.
LaTeX Info: Redefining \pageref on input line 6101.
 (d:/texlive/2022/texmf-dist/tex/latex/base/atbegshi-ltx.sty
Package: atbegshi-ltx 2021/01/10 v1.0c Emulation of the original atbegshi
package with kernel methods
)
\Hy@abspage=\count308
\c@Item=\count309
\c@Hfootnote=\count310
)
Package hyperref Info: Driver (autodetected): hpdftex.
 (d:/texlive/2022/texmf-dist/tex/latex/hyperref/hpdftex.def
File: hpdftex.def 2022-02-21 v7.00n Hyperref driver for pdfTeX
 (d:/texlive/2022/texmf-dist/tex/latex/base/atveryend-ltx.sty
Package: atveryend-ltx 2020/08/19 v1.0a Emulation of the original atveryend package
with kernel methods
)
\Fld@listcount=\count311
\c@bookmark@seq@number=\count312
 (d:/texlive/2022/texmf-dist/tex/latex/rerunfilecheck/rerunfilecheck.sty
Package: rerunfilecheck 2019/12/05 v1.9 Rerun checks for auxiliary files (HO)
 (d:/texlive/2022/texmf-dist/tex/generic/uniquecounter/uniquecounter.sty
Package: uniquecounter 2019/12/15 v1.4 Provide unlimited unique counter (HO)
)
Package uniquecounter Info: New unique counter `rerunfilecheck' on input line 286.
)
\Hy@SectionHShift=\skip84
) (d:/texlive/2022/texmf-dist/tex/latex/animate/animate.sty
Package: animate 2022/02/21 PDF & SVG animations from files and inline graphics
 (d:/texlive/2022/texmf-dist/tex/latex/oberdiek/ifdraft.sty
Package: ifdraft 2016/05/16 v1.4 Detect class options draft and final (HO)
) (d:/texlive/2022/texmf-dist/tex/latex/zref/zref-abspage.sty
Package: zref-abspage 2020-07-03 v2.32 Module abspage for zref (HO)
 (d:/texlive/2022/texmf-dist/tex/latex/zref/zref-base.sty
Package: zref-base 2020-07-03 v2.32 Module base for zref (HO)
Package zref Info: New property list: main on input line 764.
Package zref Info: New property: default on input line 765.
Package zref Info: New property: page on input line 766.
)
\c@abspage=\count313
Package zref Info: New property: abspage on input line 66.
) (d:/texlive/2022/texmf-dist/tex/latex/media9/pdfbase.sty (d:/texlive/2022/texmf-dist/tex/latex/l3packages/l3keys2e/l3keys2e.sty (d:/texlive/2022/texmf-dist/tex/latex/l3kernel/expl3.sty
Package: expl3 2022-02-24 L3 programming layer (loader) 
 (d:/texlive/2022/texmf-dist/tex/latex/l3backend/l3backend-pdftex.def
File: l3backend-pdftex.def 2022-02-07 L3 backend support: PDF output (pdfTeX)
\l__color_backend_stack_int=\count314
\l__pdf_internal_box=\box63
))
Package: l3keys2e 2022-01-12 LaTeX2e option processing using LaTeX3 keys
)
Package: pdfbase 2022/03/18 v0.54 driver independent access to low-level PDF features
\g_pbs_page_int=\count315
\g_pbs_oc_int=\count316
) (d:/texlive/2022/texmf-dist/tex/latex/ocgx2/ocgbase.sty
Package: ocgbase 2021/06/11 v0.20 support package for ocgx2.sty
\g_ocgbase_nd_int=\count317
)
\@anim@box=\box64
\@anim@measbox=\box65
\@anim@tmpdima=\dimen282
\@anim@tmpdimb=\dimen283
\@anim@num=\count318
\@anim@curframe=\count319
\@anim@curframe@zb=\count320
\@anim@resizeflags=\count321
\@anim@skipfram=\count322
\@anim@mulframecnt=\count323
\@anim@@tmlnfile=\read2
\@anim@tmpcnt=\count324
\c@@anim@ltxcnt=\count325
\@anim@curlayer=\count326
\@anim@lineno=\count327
\@anim@curfield=\count328
\@anim@@resizeflags=\count329
) (Tmp/Report.aux)
\openout1 = `Report.aux'.

LaTeX Font Info:    Checking defaults for OML/cmm/m/it on input line 50.
LaTeX Font Info:    ... okay on input line 50.
LaTeX Font Info:    Checking defaults for OMS/cmsy/m/n on input line 50.
LaTeX Font Info:    ... okay on input line 50.
LaTeX Font Info:    Checking defaults for OT1/cmr/m/n on input line 50.
LaTeX Font Info:    ... okay on input line 50.
LaTeX Font Info:    Checking defaults for T1/cmr/m/n on input line 50.
LaTeX Font Info:    ... okay on input line 50.
LaTeX Font Info:    Checking defaults for TS1/cmr/m/n on input line 50.
LaTeX Font Info:    ... okay on input line 50.
LaTeX Font Info:    Checking defaults for OMX/cmex/m/n on input line 50.
LaTeX Font Info:    ... okay on input line 50.
LaTeX Font Info:    Checking defaults for U/cmr/m/n on input line 50.
LaTeX Font Info:    ... okay on input line 50.
LaTeX Font Info:    Checking defaults for PD1/pdf/m/n on input line 50.
LaTeX Font Info:    ... okay on input line 50.
LaTeX Font Info:    Checking defaults for PU/pdf/m/n on input line 50.
LaTeX Font Info:    ... okay on input line 50.
Package lastpage Info: Please have a look at the pageslts package at
(lastpage)             https://www.ctan.org/pkg/pageslts
(lastpage)             ! on input line 50.
 (d:/texlive/2022/texmf-dist/tex/context/base/mkii/supp-pdf.mkii
[Loading MPS to PDF converter (version 2006.09.02).]
\scratchcounter=\count330
\scratchdimen=\dimen284
\scratchbox=\box66
\nofMPsegments=\count331
\nofMParguments=\count332
\everyMPshowfont=\toks44
\MPscratchCnt=\count333
\MPscratchDim=\dimen285
\MPnumerator=\count334
\makeMPintoPDFobject=\count335
\everyMPtoPDFconversion=\toks45
) (d:/texlive/2022/texmf-dist/tex/latex/epstopdf-pkg/epstopdf-base.sty
Package: epstopdf-base 2020-01-24 v2.11 Base part for package epstopdf
Package epstopdf-base Info: Redefining graphics rule for `.eps' on input line 485.
 (d:/texlive/2022/texmf-dist/tex/latex/latexconfig/epstopdf-sys.cfg
File: epstopdf-sys.cfg 2010/07/13 v1.3 Configuration of (r)epstopdf for TeX Live
))
\c@lstlisting=\count336

*geometry* driver: auto-detecting
*geometry* detected driver: pdftex
*geometry* verbose mode - [ preamble ] result:
* driver: pdftex
* paper: a4paper
* layout: <same size as paper>
* layoutoffset:(h,v)=(0.0pt,0.0pt)
* modes: 
* h-part:(L,W,R)=(59.74988pt, 478.00812pt, 59.74988pt)
* v-part:(T,H,B)=(67.60269pt, 676.04005pt, 101.4041pt)
* \paperwidth=597.50787pt
* \paperheight=845.04684pt
* \textwidth=478.00812pt
* \textheight=676.04005pt
* \oddsidemargin=-12.52011pt
* \evensidemargin=-12.52011pt
* \topmargin=-4.6673pt
* \headheight=0.0pt
* \headsep=0.0pt
* \topskip=10.0pt
* \footskip=30.0pt
* \marginparwidth=57.0pt
* \marginparsep=11.0pt
* \columnsep=10.0pt
* \skip\footins=9.0pt plus 4.0pt minus 2.0pt
* \hoffset=0.0pt
* \voffset=0.0pt
* \mag=1000
* \@twocolumnfalse
* \@twosidefalse
* \@mparswitchfalse
* \@reversemarginfalse
* (1in=72.27pt=25.4mm, 1cm=28.453pt)

Package hyperref Info: Link coloring ON on input line 50.
(d:/texlive/2022/texmf-dist/tex/latex/hyperref/nameref.sty
Package: nameref 2021-04-02 v2.47 Cross-referencing by name of section
 (d:/texlive/2022/texmf-dist/tex/latex/refcount/refcount.sty
Package: refcount 2019/12/15 v3.6 Data extraction from label references (HO)
) (d:/texlive/2022/texmf-dist/tex/generic/gettitlestring/gettitlestring.sty
Package: gettitlestring 2019/12/15 v1.6 Cleanup title references (HO)
)
\c@section@level=\count337
)
LaTeX Info: Redefining \ref on input line 50.
LaTeX Info: Redefining \pageref on input line 50.
LaTeX Info: Redefining \nameref on input line 50.
 (Tmp/Report.out) (Tmp/Report.out)
\@outlinefile=\write3
\openout3 = `Report.out'.

LaTeX Font Info:    Trying to load font information for U+msa on input line 55.
 (d:/texlive/2022/texmf-dist/tex/latex/amsfonts/umsa.fd
File: umsa.fd 2013/01/14 v3.01 AMS symbols A
)
LaTeX Font Info:    Trying to load font information for U+msb on input line 55.
 (d:/texlive/2022/texmf-dist/tex/latex/amsfonts/umsb.fd
File: umsb.fd 2013/01/14 v3.01 AMS symbols B
)
LaTeX Font Info:    Trying to load font information for U+rsfs on input line 55.
 (d:/texlive/2022/texmf-dist/tex/latex/jknapltx/ursfs.fd
File: ursfs.fd 1998/03/24 rsfs font definition file (jk)
)

pdfTeX warning: pdflatex.exe (file ./pics/PINN.pdf): PDF inclusion: found PDF version <1.7>, but at most version <1.5> allowed
<./pics/PINN.pdf, id=25, 965.64763pt x 261.01515pt>
File: ./pics/PINN.pdf Graphic file (type pdf)
<use ./pics/PINN.pdf>
Package pdftex.def Info: ./pics/PINN.pdf  used on input line 69.
(pdftex.def)             Requested size: 478.00812pt x 129.20488pt.
(d:/texlive/2022/texmf-dist/tex/latex/listings/lstlang1.sty
File: lstlang1.sty 2020/03/24 1.8d listings language file
)
Package hyperref Info: bookmark level for unknown lstlisting defaults to 0 on input line 80.
 [1

{d:/texlive/2022/texmf-var/fonts/map/pdftex/updmap/pdftex.map} <./pics/PINN.pdf>] [2]
<./pics/sol_with_point.pdf, id=157, 650.43pt x 361.35pt>
File: ./pics/sol_with_point.pdf Graphic file (type pdf)
<use ./pics/sol_with_point.pdf>
Package pdftex.def Info: ./pics/sol_with_point.pdf  used on input line 210.
(pdftex.def)             Requested size: 478.00812pt x 265.56425pt.
 [3 <./pics/sol_with_point.pdf>]
<./pics/slices.pdf, id=215, 924.53842pt x 288.88551pt>
File: ./pics/slices.pdf Graphic file (type pdf)
<use ./pics/slices.pdf>
Package pdftex.def Info: ./pics/slices.pdf  used on input line 218.
(pdftex.def)             Requested size: 525.81184pt x 164.30058pt.
<./pics/error.pdf, id=219, 462.52798pt x 346.89601pt>
File: ./pics/error.pdf Graphic file (type pdf)
<use ./pics/error.pdf>
Package pdftex.def Info: ./pics/error.pdf  used on input line 226.
(pdftex.def)             Requested size: 215.10219pt x 161.32614pt.
<./outputpics/pic-1.png, id=220, 462.528pt x 346.896pt>
File: ./outputpics/pic-1.png Graphic file (type png)
<use ./outputpics/pic-1.png>
Package pdftex.def Info: ./outputpics/pic-1.png  used on input line 233.
(pdftex.def)             Requested size: 462.52686pt x 346.89514pt.
 <./outputpics/pic-1.png> <a0,fr0>
<./outputpics/pic-2.png, id=225, 462.528pt x 346.896pt>
File: ./outputpics/pic-2.png Graphic file (type png)
<use ./outputpics/pic-2.png>
Package pdftex.def Info: ./outputpics/pic-2.png  used on input line 233.
(pdftex.def)             Requested size: 462.52686pt x 346.89514pt.
 <./outputpics/pic-2.png> <a0,fr1>
<./outputpics/pic-3.png, id=229, 462.528pt x 346.896pt>
File: ./outputpics/pic-3.png Graphic file (type png)
<use ./outputpics/pic-3.png>
Package pdftex.def Info: ./outputpics/pic-3.png  used on input line 233.
(pdftex.def)             Requested size: 462.52686pt x 346.89514pt.
 <./outputpics/pic-3.png> <a0,fr2>
<./outputpics/pic-4.png, id=233, 462.528pt x 346.896pt>
File: ./outputpics/pic-4.png Graphic file (type png)
<use ./outputpics/pic-4.png>
Package pdftex.def Info: ./outputpics/pic-4.png  used on input line 233.
(pdftex.def)             Requested size: 462.52686pt x 346.89514pt.
 <./outputpics/pic-4.png> <a0,fr3>
<./outputpics/pic-5.png, id=237, 462.528pt x 346.896pt>
File: ./outputpics/pic-5.png Graphic file (type png)
<use ./outputpics/pic-5.png>
Package pdftex.def Info: ./outputpics/pic-5.png  used on input line 233.
(pdftex.def)             Requested size: 462.52686pt x 346.89514pt.
 <./outputpics/pic-5.png> <a0,fr4>
<./outputpics/pic-6.png, id=241, 462.528pt x 346.896pt>
File: ./outputpics/pic-6.png Graphic file (type png)
<use ./outputpics/pic-6.png>
Package pdftex.def Info: ./outputpics/pic-6.png  used on input line 233.
(pdftex.def)             Requested size: 462.52686pt x 346.89514pt.
 <./outputpics/pic-6.png> <a0,fr5>
<./outputpics/pic-7.png, id=245, 462.528pt x 346.896pt>
File: ./outputpics/pic-7.png Graphic file (type png)
<use ./outputpics/pic-7.png>
Package pdftex.def Info: ./outputpics/pic-7.png  used on input line 233.
(pdftex.def)             Requested size: 462.52686pt x 346.89514pt.
 <./outputpics/pic-7.png> <a0,fr6>
<./outputpics/pic-8.png, id=249, 462.528pt x 346.896pt>
File: ./outputpics/pic-8.png Graphic file (type png)
<use ./outputpics/pic-8.png>
Package pdftex.def Info: ./outputpics/pic-8.png  used on input line 233.
(pdftex.def)             Requested size: 462.52686pt x 346.89514pt.
 <./outputpics/pic-8.png> <a0,fr7>
<./outputpics/pic-9.png, id=253, 462.528pt x 346.896pt>
File: ./outputpics/pic-9.png Graphic file (type png)
<use ./outputpics/pic-9.png>
Package pdftex.def Info: ./outputpics/pic-9.png  used on input line 233.
(pdftex.def)             Requested size: 462.52686pt x 346.89514pt.
 <./outputpics/pic-9.png> <a0,fr8>
<./outputpics/pic-10.png, id=257, 462.528pt x 346.896pt>
File: ./outputpics/pic-10.png Graphic file (type png)
<use ./outputpics/pic-10.png>
Package pdftex.def Info: ./outputpics/pic-10.png  used on input line 233.
(pdftex.def)             Requested size: 462.52686pt x 346.89514pt.
 <./outputpics/pic-10.png> <a0,fr9>
<./outputpics/pic-11.png, id=261, 462.528pt x 346.896pt>
File: ./outputpics/pic-11.png Graphic file (type png)
<use ./outputpics/pic-11.png>
Package pdftex.def Info: ./outputpics/pic-11.png  used on input line 233.
(pdftex.def)             Requested size: 462.52686pt x 346.89514pt.
 <./outputpics/pic-11.png> <a0,fr10>
<./outputpics/pic-12.png, id=265, 462.528pt x 346.896pt>
File: ./outputpics/pic-12.png Graphic file (type png)
<use ./outputpics/pic-12.png>
Package pdftex.def Info: ./outputpics/pic-12.png  used on input line 233.
(pdftex.def)             Requested size: 462.52686pt x 346.89514pt.
 <./outputpics/pic-12.png> <a0,fr11>
<./outputpics/pic-13.png, id=269, 462.528pt x 346.896pt>
File: ./outputpics/pic-13.png Graphic file (type png)
<use ./outputpics/pic-13.png>
Package pdftex.def Info: ./outputpics/pic-13.png  used on input line 233.
(pdftex.def)             Requested size: 462.52686pt x 346.89514pt.
 <./outputpics/pic-13.png> <a0,fr12>
<./outputpics/pic-14.png, id=273, 462.528pt x 346.896pt>
File: ./outputpics/pic-14.png Graphic file (type png)
<use ./outputpics/pic-14.png>
Package pdftex.def Info: ./outputpics/pic-14.png  used on input line 233.
(pdftex.def)             Requested size: 462.52686pt x 346.89514pt.
 <./outputpics/pic-14.png> <a0,fr13>
<./outputpics/pic-15.png, id=277, 462.528pt x 346.896pt>
File: ./outputpics/pic-15.png Graphic file (type png)
<use ./outputpics/pic-15.png>
Package pdftex.def Info: ./outputpics/pic-15.png  used on input line 233.
(pdftex.def)             Requested size: 462.52686pt x 346.89514pt.
 <./outputpics/pic-15.png> <a0,fr14>
<./outputpics/pic-16.png, id=281, 462.528pt x 346.896pt>
File: ./outputpics/pic-16.png Graphic file (type png)
<use ./outputpics/pic-16.png>
Package pdftex.def Info: ./outputpics/pic-16.png  used on input line 233.
(pdftex.def)             Requested size: 462.52686pt x 346.89514pt.
 <./outputpics/pic-16.png> <a0,fr15>
<./outputpics/pic-17.png, id=285, 462.528pt x 346.896pt>
File: ./outputpics/pic-17.png Graphic file (type png)
<use ./outputpics/pic-17.png>
Package pdftex.def Info: ./outputpics/pic-17.png  used on input line 233.
(pdftex.def)             Requested size: 462.52686pt x 346.89514pt.
 <./outputpics/pic-17.png> <a0,fr16>
<./outputpics/pic-18.png, id=289, 462.528pt x 346.896pt>
File: ./outputpics/pic-18.png Graphic file (type png)
<use ./outputpics/pic-18.png>
Package pdftex.def Info: ./outputpics/pic-18.png  used on input line 233.
(pdftex.def)             Requested size: 462.52686pt x 346.89514pt.
 <./outputpics/pic-18.png> <a0,fr17>
<./outputpics/pic-19.png, id=293, 462.528pt x 346.896pt>
File: ./outputpics/pic-19.png Graphic file (type png)
<use ./outputpics/pic-19.png>
Package pdftex.def Info: ./outputpics/pic-19.png  used on input line 233.
(pdftex.def)             Requested size: 462.52686pt x 346.89514pt.
 <./outputpics/pic-19.png> <a0,fr18>
<./outputpics/pic-20.png, id=297, 462.528pt x 346.896pt>
File: ./outputpics/pic-20.png Graphic file (type png)
<use ./outputpics/pic-20.png>
Package pdftex.def Info: ./outputpics/pic-20.png  used on input line 233.
(pdftex.def)             Requested size: 462.52686pt x 346.89514pt.
 <./outputpics/pic-20.png> <a0,fr19>
<./outputpics/pic-21.png, id=301, 462.528pt x 346.896pt>
File: ./outputpics/pic-21.png Graphic file (type png)
<use ./outputpics/pic-21.png>
Package pdftex.def Info: ./outputpics/pic-21.png  used on input line 233.
(pdftex.def)             Requested size: 462.52686pt x 346.89514pt.
 <./outputpics/pic-21.png> <a0,fr20>
<./outputpics/pic-22.png, id=305, 462.528pt x 346.896pt>
File: ./outputpics/pic-22.png Graphic file (type png)
<use ./outputpics/pic-22.png>
Package pdftex.def Info: ./outputpics/pic-22.png  used on input line 233.
(pdftex.def)             Requested size: 462.52686pt x 346.89514pt.
 <./outputpics/pic-22.png> <a0,fr21>
<./outputpics/pic-23.png, id=309, 462.528pt x 346.896pt>
File: ./outputpics/pic-23.png Graphic file (type png)
<use ./outputpics/pic-23.png>
Package pdftex.def Info: ./outputpics/pic-23.png  used on input line 233.
(pdftex.def)             Requested size: 462.52686pt x 346.89514pt.
 <./outputpics/pic-23.png> <a0,fr22>
<./outputpics/pic-24.png, id=313, 462.528pt x 346.896pt>
File: ./outputpics/pic-24.png Graphic file (type png)
<use ./outputpics/pic-24.png>
Package pdftex.def Info: ./outputpics/pic-24.png  used on input line 233.
(pdftex.def)             Requested size: 462.52686pt x 346.89514pt.
 <./outputpics/pic-24.png> <a0,fr23>
<./outputpics/pic-25.png, id=317, 462.528pt x 346.896pt>
File: ./outputpics/pic-25.png Graphic file (type png)
<use ./outputpics/pic-25.png>
Package pdftex.def Info: ./outputpics/pic-25.png  used on input line 233.
(pdftex.def)             Requested size: 462.52686pt x 346.89514pt.
 <./outputpics/pic-25.png> <a0,fr24>
<./outputpics/pic-26.png, id=321, 462.528pt x 346.896pt>
File: ./outputpics/pic-26.png Graphic file (type png)
<use ./outputpics/pic-26.png>
Package pdftex.def Info: ./outputpics/pic-26.png  used on input line 233.
(pdftex.def)             Requested size: 462.52686pt x 346.89514pt.
 <./outputpics/pic-26.png> <a0,fr25>
<./outputpics/pic-27.png, id=325, 462.528pt x 346.896pt>
File: ./outputpics/pic-27.png Graphic file (type png)
<use ./outputpics/pic-27.png>
Package pdftex.def Info: ./outputpics/pic-27.png  used on input line 233.
(pdftex.def)             Requested size: 462.52686pt x 346.89514pt.
 <./outputpics/pic-27.png> <a0,fr26>
<./outputpics/pic-28.png, id=329, 462.528pt x 346.896pt>
File: ./outputpics/pic-28.png Graphic file (type png)
<use ./outputpics/pic-28.png>
Package pdftex.def Info: ./outputpics/pic-28.png  used on input line 233.
(pdftex.def)             Requested size: 462.52686pt x 346.89514pt.
 <./outputpics/pic-28.png> <a0,fr27> [4

 <./pics/slices.pdf> <./pics/error.pdf>] [5]
<./pics/method.pdf, id=483, 723.1517pt x 301.125pt>
File: ./pics/method.pdf Graphic file (type pdf)
<use ./pics/method.pdf>
Package pdftex.def Info: ./pics/method.pdf  used on input line 350.
(pdftex.def)             Requested size: 478.00812pt x 199.05095pt.
<./pics/act.pdf, id=487, 827.60413pt x 298.56483pt>
File: ./pics/act.pdf Graphic file (type pdf)
<use ./pics/act.pdf>
Package pdftex.def Info: ./pics/act.pdf  used on input line 358.
(pdftex.def)             Requested size: 478.00812pt x 172.44334pt.


LaTeX Warning: `!h' float specifier changed to `!ht'.


LaTeX Warning: `!h' float specifier changed to `!ht'.

[6

 <./pics/method.pdf>]
Underfull \hbox (badness 3907) in paragraph at lines 388--389
[]\OT1/cmr/m/n/10 Misra, Di-ganta. Mish: A self reg-u-lar-ized non-monotonic ac-ti-va-tion func-tion. \OT1/cmr/m/it/10 arXiv preprint
 []


AED: lastpage setting LastPage
[7 <./pics/act.pdf>] (Tmp/Report.aux)
Package rerunfilecheck Info: File `Report.out' has not changed.
(rerunfilecheck)             Checksum: 893B6ECD36E4ABA5D8540B60E45EA53C;897.
 ) 
Here is how much of TeX's memory you used:
 16564 strings out of 480175
 260275 string characters out of 5894362
 1059256 words of memory out of 5000000
 34077 multiletter control sequences out of 15000+600000
 482430 words of font info for 78 fonts, out of 8000000 for 9000
 36 hyphenation exceptions out of 8191
 85i,16n,93p,666b,1982s stack positions out of 10000i,1000n,20000p,200000b,200000s
<d:/texlive/2022/texmf-dist/fonts/type1/public/amsfonts/cm/cmbx10.pfb><d:/texlive/2022/texmf-dist/fonts/type1/public/amsfonts/cm/cmbx12.pfb><d:/texlive/2022/texmf-dist/fonts/type1/public/amsfonts/cm/cmbx7.pfb><d:/texlive/2022/texmf-dist/fonts/type1/public/amsfonts/cm/cmex10.pfb><d:/texlive/2022/texmf-dist/fonts/type1/public/amsfonts/cm/cmmi10.pfb><d:/texlive/2022/texmf-dist/fonts/type1/public/amsfonts/cm/cmmi5.pfb><d:/texlive/2022/texmf-dist/fonts/type1/public/amsfonts/cm/cmmi6.pfb><d:/texlive/2022/texmf-dist/fonts/type1/public/amsfonts/cm/cmmi7.pfb><d:/texlive/2022/texmf-dist/fonts/type1/public/amsfonts/cm/cmmi8.pfb><d:/texlive/2022/texmf-dist/fonts/type1/public/amsfonts/cm/cmr10.pfb><d:/texlive/2022/texmf-dist/fonts/type1/public/amsfonts/cm/cmr5.pfb><d:/texlive/2022/texmf-dist/fonts/type1/public/amsfonts/cm/cmr7.pfb><d:/texlive/2022/texmf-dist/fonts/type1/public/amsfonts/cm/cmr8.pfb><d:/texlive/2022/texmf-dist/fonts/type1/public/amsfonts/cm/cmsy10.pfb><d:/texlive/2022/texmf-dist/fonts/type1/public/amsfonts/cm/cmsy7.pfb><d:/texlive/2022/texmf-dist/fonts/type1/public/amsfonts/cm/cmti10.pfb><d:/texlive/2022/texmf-dist/fonts/type1/public/amsfonts/cm/cmti7.pfb><d:/texlive/2022/texmf-dist/fonts/type1/public/amsfonts/cm/cmti8.pfb><d:/texlive/2022/texmf-dist/fonts/type1/public/amsfonts/cm/cmtt10.pfb><d:/texlive/2022/texmf-dist/fonts/type1/public/amsfonts/cm/cmtt8.pfb><d:/texlive/2022/texmf-dist/fonts/type1/public/amsfonts/symbols/msbm10.pfb>
Output written on Tmp/Report.pdf (7 pages, 1234750 bytes).
PDF statistics:
 1039 PDF objects out of 1200 (max. 8388607)
 650 compressed objects within 7 object streams
 115 named destinations out of 1000 (max. 500000)
 441 words of extra memory for PDF output out of 10000 (max. 10000000)

